<?xml version="1.0" encoding="UTF-8"?>
<!-- Generated by org.testng.reporters.JUnitReportReporter -->
<testsuite skipped="0" hostname="LAPTOP-QVSM7O55" name="com.htc.utility.TestNG" tests="1" failures="0" timestamp="02 May 2021 11:43:07 GMT" time="0.042" errors="0">
  <testcase name="example" time="0.042" classname="com.htc.utility.TestNG"/>
</testsuite> <!-- com.htc.utility.TestNG -->
